2026-05-22 16:22:40,670 | ERROR | World Bank FAILED: US BN.CAB.XOKA.GD.ZS: 400 Client Error: Bad Request for url: https://api.worldbank.org/v2/country/US/indicator/BN.CAB.XOKA.GD.ZS?format=json&per_page=20000&date=2015:2025
Traceback (most recent call last):
  File "C:\Users\admin\Desktop\2026 数据要素大赛\代码\macrohub_platform_full\collectors\worldbank_collector.py", line 72, in collect_worldbank
    rows = _fetch_one(country_iso2, source_code, START_YEAR, END_YEAR)
  File "C:\Users\admin\Desktop\2026 数据要素大赛\代码\macrohub_platform_full\collectors\worldbank_collector.py", line 36, in _fetch_one
    resp.raise_for_status()
  File "D:\py\Anaconda3\lib\site-packages\requests\models.py", line 1026, in raise_for_status
    raise HTTPError(http_error_msg, response=self)
requests.exceptions.HTTPError: 400 Client Error: Bad Request for url: https://api.worldbank.org/v2/country/US/indicator/BN.CAB.XOKA.GD.ZS?format=json&per_page=20000&date=2015:2025
2026-05-22 16:22:41,708 | INFO | World Bank OK 2/140: US FI.RES.TOTL.CD, rows=11
2026-05-22 16:22:43,113 | INFO | World Bank OK 3/140: US FP.CPI.TOTL.ZG, rows=11
2026-05-22 16:22:44,079 | INFO | World Bank OK 4/140: US GC.DOD.TOTL.GD.ZS, rows=11
2026-05-22 16:22:44,986 | INFO | World Bank OK 5/140: US NE.EXP.GNFS.CD, rows=11
2026-05-22 16:23:15,278 | WARNING | Retrying (Retry(total=2, connect=None, read=None, redirect=None, status=None)) after connection broken by 'ReadTimeoutError("HTTPSConnectionPool(host='api.worldbank.org', port=443): Read timed out. (read timeout=30)")': /v2/country/US/indicator/NE.IMP.GNFS.CD?format=json&per_page=20000&date=2015:2025
2026-05-22 16:23:47,001 | WARNING | Retrying (Retry(total=1, connect=None, read=None, redirect=None, status=None)) after connection broken by 'ReadTimeoutError("HTTPSConnectionPool(host='api.worldbank.org', port=443): Read timed out. (read timeout=30)")': /v2/country/US/indicator/NE.IMP.GNFS.CD?format=json&per_page=20000&date=2015:2025
2026-05-22 16:23:47,245 | INFO | World Bank OK 6/140: US NE.IMP.GNFS.CD, rows=11
2026-05-22 16:23:48,107 | INFO | World Bank OK 7/140: US NY.GDP.MKTP.CD, rows=11
2026-05-22 16:23:49,067 | INFO | World Bank OK 8/140: US NY.GDP.MKTP.KD.ZG, rows=11
2026-05-22 16:23:50,011 | INFO | World Bank OK 9/140: US NY.GDP.PCAP.CD, rows=11
2026-05-22 16:23:50,864 | INFO | World Bank OK 10/140: US SL.UEM.TOTL.ZS, rows=11
2026-05-22 16:23:51,754 | INFO | World Bank OK 11/140: CN BN.CAB.XOKA.GD.ZS, rows=11
2026-05-22 16:23:52,703 | INFO | World Bank OK 12/140: CN FI.RES.TOTL.CD, rows=11
2026-05-22 16:23:54,272 | INFO | World Bank OK 13/140: CN FP.CPI.TOTL.ZG, rows=11
2026-05-22 16:23:55,168 | INFO | World Bank OK 14/140: CN GC.DOD.TOTL.GD.ZS, rows=11
2026-05-22 16:23:56,028 | INFO | World Bank OK 15/140: CN NE.EXP.GNFS.CD, rows=11
2026-05-22 16:23:56,904 | INFO | World Bank OK 16/140: CN NE.IMP.GNFS.CD, rows=11
2026-05-22 16:23:57,800 | INFO | World Bank OK 17/140: CN NY.GDP.MKTP.CD, rows=11
2026-05-22 16:23:58,686 | INFO | World Bank OK 18/140: CN NY.GDP.MKTP.KD.ZG, rows=11
2026-05-22 16:24:00,272 | INFO | World Bank OK 19/140: CN NY.GDP.PCAP.CD, rows=11
2026-05-22 16:24:01,101 | INFO | World Bank OK 20/140: CN SL.UEM.TOTL.ZS, rows=11
2026-05-22 16:24:01,974 | INFO | World Bank OK 21/140: JP BN.CAB.XOKA.GD.ZS, rows=11
2026-05-22 16:24:02,831 | INFO | World Bank OK 22/140: JP FI.RES.TOTL.CD, rows=11
2026-05-22 16:24:03,699 | INFO | World Bank OK 23/140: JP FP.CPI.TOTL.ZG, rows=11
2026-05-22 16:24:04,519 | INFO | World Bank OK 24/140: JP GC.DOD.TOTL.GD.ZS, rows=11
2026-05-22 16:24:05,625 | INFO | World Bank OK 25/140: JP NE.EXP.GNFS.CD, rows=11
2026-05-22 16:24:06,731 | INFO | World Bank OK 26/140: JP NE.IMP.GNFS.CD, rows=11
2026-05-22 16:24:07,699 | INFO | World Bank OK 27/140: JP NY.GDP.MKTP.CD, rows=11
2026-05-22 16:24:08,712 | INFO | World Bank OK 28/140: JP NY.GDP.MKTP.KD.ZG, rows=11
2026-05-22 16:24:10,294 | INFO | World Bank OK 29/140: JP NY.GDP.PCAP.CD, rows=11
2026-05-22 16:24:11,225 | INFO | World Bank OK 30/140: JP SL.UEM.TOTL.ZS, rows=11
2026-05-22 16:24:12,095 | INFO | World Bank OK 31/140: DE BN.CAB.XOKA.GD.ZS, rows=11
2026-05-22 16:24:13,004 | INFO | World Bank OK 32/140: DE FI.RES.TOTL.CD, rows=11
2026-05-22 16:24:13,947 | INFO | World Bank OK 33/140: DE FP.CPI.TOTL.ZG, rows=11
2026-05-22 16:24:14,827 | INFO | World Bank OK 34/140: DE GC.DOD.TOTL.GD.ZS, rows=11
2026-05-22 16:24:16,454 | INFO | World Bank OK 35/140: DE NE.EXP.GNFS.CD, rows=11
2026-05-22 16:24:17,326 | INFO | World Bank OK 36/140: DE NE.IMP.GNFS.CD, rows=11
2026-05-22 16:24:18,210 | INFO | World Bank OK 37/140: DE NY.GDP.MKTP.CD, rows=11
2026-05-22 16:24:48,481 | WARNING | Retrying (Retry(total=2, connect=None, read=None, redirect=None, status=None)) after connection broken by 'ReadTimeoutError("HTTPSConnectionPool(host='api.worldbank.org', port=443): Read timed out. (read timeout=30)")': /v2/country/DE/indicator/NY.GDP.MKTP.KD.ZG?format=json&per_page=20000&date=2015:2025
2026-05-22 16:24:49,237 | INFO | World Bank OK 38/140: DE NY.GDP.MKTP.KD.ZG, rows=11
2026-05-22 16:24:50,160 | INFO | World Bank OK 39/140: DE NY.GDP.PCAP.CD, rows=11
2026-05-22 16:24:51,024 | INFO | World Bank OK 40/140: DE SL.UEM.TOTL.ZS, rows=11
2026-05-22 16:24:51,908 | INFO | World Bank OK 41/140: GB BN.CAB.XOKA.GD.ZS, rows=11
2026-05-22 16:24:52,758 | INFO | World Bank OK 42/140: GB FI.RES.TOTL.CD, rows=11
2026-05-22 16:24:53,652 | INFO | World Bank OK 43/140: GB FP.CPI.TOTL.ZG, rows=11
2026-05-22 16:24:54,502 | INFO | World Bank OK 44/140: GB GC.DOD.TOTL.GD.ZS, rows=11
2026-05-22 16:24:55,412 | INFO | World Bank OK 45/140: GB NE.EXP.GNFS.CD, rows=11
2026-05-22 16:24:56,421 | INFO | World Bank OK 46/140: GB NE.IMP.GNFS.CD, rows=11
2026-05-22 16:24:57,343 | INFO | World Bank OK 47/140: GB NY.GDP.MKTP.CD, rows=11
2026-05-22 16:24:58,243 | INFO | World Bank OK 48/140: GB NY.GDP.MKTP.KD.ZG, rows=11
2026-05-22 16:24:59,150 | INFO | World Bank OK 49/140: GB NY.GDP.PCAP.CD, rows=11
2026-05-22 16:25:00,119 | INFO | World Bank OK 50/140: GB SL.UEM.TOTL.ZS, rows=11
2026-05-22 16:25:01,747 | INFO | World Bank OK 51/140: IN BN.CAB.XOKA.GD.ZS, rows=11
2026-05-22 16:25:02,751 | INFO | World Bank OK 52/140: IN FI.RES.TOTL.CD, rows=11
2026-05-22 16:25:03,806 | INFO | World Bank OK 53/140: IN FP.CPI.TOTL.ZG, rows=11
2026-05-22 16:25:04,789 | INFO | World Bank OK 54/140: IN GC.DOD.TOTL.GD.ZS, rows=11
2026-05-22 16:25:05,990 | INFO | World Bank OK 55/140: IN NE.EXP.GNFS.CD, rows=11
2026-05-22 16:25:06,869 | INFO | World Bank OK 56/140: IN NE.IMP.GNFS.CD, rows=11
2026-05-22 16:25:07,913 | INFO | World Bank OK 57/140: IN NY.GDP.MKTP.CD, rows=11
2026-05-22 16:25:08,931 | INFO | World Bank OK 58/140: IN NY.GDP.MKTP.KD.ZG, rows=11
2026-05-22 16:25:09,907 | INFO | World Bank OK 59/140: IN NY.GDP.PCAP.CD, rows=11
2026-05-22 16:25:40,169 | WARNING | Retrying (Retry(total=2, connect=None, read=None, redirect=None, status=None)) after connection broken by 'ReadTimeoutError("HTTPSConnectionPool(host='api.worldbank.org', port=443): Read timed out. (read timeout=30)")': /v2/country/IN/indicator/SL.UEM.TOTL.ZS?format=json&per_page=20000&date=2015:2025
2026-05-22 16:25:41,008 | INFO | World Bank OK 60/140: IN SL.UEM.TOTL.ZS, rows=11
2026-05-22 16:25:42,656 | INFO | World Bank OK 61/140: VN BN.CAB.XOKA.GD.ZS, rows=11
2026-05-22 16:25:44,316 | INFO | World Bank OK 62/140: VN FI.RES.TOTL.CD, rows=11
2026-05-22 16:25:45,293 | INFO | World Bank OK 63/140: VN FP.CPI.TOTL.ZG, rows=11
2026-05-22 16:25:46,349 | INFO | World Bank OK 64/140: VN GC.DOD.TOTL.GD.ZS, rows=11
2026-05-22 16:25:47,564 | INFO | World Bank OK 65/140: VN NE.EXP.GNFS.CD, rows=11
2026-05-22 16:25:48,526 | INFO | World Bank OK 66/140: VN NE.IMP.GNFS.CD, rows=11
2026-05-22 16:25:49,454 | INFO | World Bank OK 67/140: VN NY.GDP.MKTP.CD, rows=11
2026-05-22 16:25:51,267 | INFO | World Bank OK 68/140: VN NY.GDP.MKTP.KD.ZG, rows=11
2026-05-22 16:25:52,222 | INFO | World Bank OK 69/140: VN NY.GDP.PCAP.CD, rows=11
2026-05-22 16:25:53,219 | INFO | World Bank OK 70/140: VN SL.UEM.TOTL.ZS, rows=11
2026-05-22 16:25:54,134 | INFO | World Bank OK 71/140: ID BN.CAB.XOKA.GD.ZS, rows=11
2026-05-22 16:25:55,060 | INFO | World Bank OK 72/140: ID FI.RES.TOTL.CD, rows=11
2026-05-22 16:25:56,023 | INFO | World Bank OK 73/140: ID FP.CPI.TOTL.ZG, rows=11
2026-05-22 16:25:56,905 | INFO | World Bank OK 74/140: ID GC.DOD.TOTL.GD.ZS, rows=11
2026-05-22 16:25:57,765 | INFO | World Bank OK 75/140: ID NE.EXP.GNFS.CD, rows=11
2026-05-22 16:25:59,188 | INFO | World Bank OK 76/140: ID NE.IMP.GNFS.CD, rows=11
2026-05-22 16:26:00,077 | INFO | World Bank OK 77/140: ID NY.GDP.MKTP.CD, rows=11
2026-05-22 16:26:00,957 | INFO | World Bank OK 78/140: ID NY.GDP.MKTP.KD.ZG, rows=11
2026-05-22 16:26:01,864 | INFO | World Bank OK 79/140: ID NY.GDP.PCAP.CD, rows=11
2026-05-22 16:26:02,749 | INFO | World Bank OK 80/140: ID SL.UEM.TOTL.ZS, rows=11
2026-05-22 16:26:03,801 | INFO | World Bank OK 81/140: MX BN.CAB.XOKA.GD.ZS, rows=11
2026-05-22 16:26:05,614 | INFO | World Bank OK 82/140: MX FI.RES.TOTL.CD, rows=11
2026-05-22 16:26:31,760 | INFO | World Bank OK 83/140: MX FP.CPI.TOTL.ZG, rows=11
2026-05-22 16:26:32,768 | INFO | World Bank OK 84/140: MX GC.DOD.TOTL.GD.ZS, rows=11
2026-05-22 16:26:33,723 | INFO | World Bank OK 85/140: MX NE.EXP.GNFS.CD, rows=11
2026-05-22 16:26:34,656 | INFO | World Bank OK 86/140: MX NE.IMP.GNFS.CD, rows=11
2026-05-22 16:26:35,611 | INFO | World Bank OK 87/140: MX NY.GDP.MKTP.CD, rows=11
2026-05-22 16:26:36,714 | INFO | World Bank OK 88/140: MX NY.GDP.MKTP.KD.ZG, rows=11
2026-05-22 16:26:37,677 | INFO | World Bank OK 89/140: MX NY.GDP.PCAP.CD, rows=11
2026-05-22 16:26:38,621 | INFO | World Bank OK 90/140: MX SL.UEM.TOTL.ZS, rows=11
2026-05-22 16:26:39,675 | INFO | World Bank OK 91/140: BR BN.CAB.XOKA.GD.ZS, rows=11
2026-05-22 16:26:40,584 | INFO | World Bank OK 92/140: BR FI.RES.TOTL.CD, rows=11
2026-05-22 16:26:41,538 | INFO | World Bank OK 93/140: BR FP.CPI.TOTL.ZG, rows=11
2026-05-22 16:26:42,548 | INFO | World Bank OK 94/140: BR GC.DOD.TOTL.GD.ZS, rows=11
2026-05-22 16:26:43,737 | INFO | World Bank OK 95/140: BR NE.EXP.GNFS.CD, rows=11
2026-05-22 16:26:44,787 | INFO | World Bank OK 96/140: BR NE.IMP.GNFS.CD, rows=11
2026-05-22 16:26:45,884 | INFO | World Bank OK 97/140: BR NY.GDP.MKTP.CD, rows=11
2026-05-22 16:26:46,881 | INFO | World Bank OK 98/140: BR NY.GDP.MKTP.KD.ZG, rows=11
2026-05-22 16:26:47,918 | INFO | World Bank OK 99/140: BR NY.GDP.PCAP.CD, rows=11
2026-05-22 16:26:49,858 | INFO | World Bank OK 100/140: BR SL.UEM.TOTL.ZS, rows=11
2026-05-22 16:26:51,233 | INFO | World Bank OK 101/140: ZA BN.CAB.XOKA.GD.ZS, rows=11
2026-05-22 16:26:52,271 | INFO | World Bank OK 102/140: ZA FI.RES.TOTL.CD, rows=11
2026-05-22 16:26:53,379 | INFO | World Bank OK 103/140: ZA FP.CPI.TOTL.ZG, rows=11
2026-05-22 16:26:54,358 | INFO | World Bank OK 104/140: ZA GC.DOD.TOTL.GD.ZS, rows=11
2026-05-22 16:27:21,382 | INFO | World Bank OK 105/140: ZA NE.EXP.GNFS.CD, rows=11
2026-05-22 16:27:23,315 | INFO | World Bank OK 106/140: ZA NE.IMP.GNFS.CD, rows=11
2026-05-22 16:27:24,389 | INFO | World Bank OK 107/140: ZA NY.GDP.MKTP.CD, rows=11
2026-05-22 16:27:25,438 | INFO | World Bank OK 108/140: ZA NY.GDP.MKTP.KD.ZG, rows=11
2026-05-22 16:27:26,453 | INFO | World Bank OK 109/140: ZA NY.GDP.PCAP.CD, rows=11
2026-05-22 16:27:27,485 | INFO | World Bank OK 110/140: ZA SL.UEM.TOTL.ZS, rows=11
2026-05-22 16:27:28,364 | INFO | World Bank OK 111/140: TR BN.CAB.XOKA.GD.ZS, rows=11
2026-05-22 16:27:29,264 | INFO | World Bank OK 112/140: TR FI.RES.TOTL.CD, rows=11
2026-05-22 16:27:30,203 | INFO | World Bank OK 113/140: TR FP.CPI.TOTL.ZG, rows=11
2026-05-22 16:27:31,097 | INFO | World Bank OK 114/140: TR GC.DOD.TOTL.GD.ZS, rows=11
2026-05-22 16:27:31,973 | INFO | World Bank OK 115/140: TR NE.EXP.GNFS.CD, rows=11
2026-05-22 16:27:32,874 | INFO | World Bank OK 116/140: TR NE.IMP.GNFS.CD, rows=11
2026-05-22 16:27:34,462 | INFO | World Bank OK 117/140: TR NY.GDP.MKTP.CD, rows=11
2026-05-22 16:27:35,670 | INFO | World Bank OK 118/140: TR NY.GDP.MKTP.KD.ZG, rows=11
2026-05-22 16:27:36,533 | INFO | World Bank OK 119/140: TR NY.GDP.PCAP.CD, rows=11
2026-05-22 16:27:37,389 | INFO | World Bank OK 120/140: TR SL.UEM.TOTL.ZS, rows=11
2026-05-22 16:27:38,268 | INFO | World Bank OK 121/140: AR BN.CAB.XOKA.GD.ZS, rows=11
2026-05-22 16:27:39,287 | INFO | World Bank OK 122/140: AR FI.RES.TOTL.CD, rows=11
2026-05-22 16:27:40,127 | INFO | World Bank OK 123/140: AR FP.CPI.TOTL.ZG, rows=11
2026-05-22 16:27:40,989 | INFO | World Bank OK 124/140: AR GC.DOD.TOTL.GD.ZS, rows=11
2026-05-22 16:27:41,932 | INFO | World Bank OK 125/140: AR NE.EXP.GNFS.CD, rows=11
2026-05-22 16:27:42,827 | INFO | World Bank OK 126/140: AR NE.IMP.GNFS.CD, rows=11
2026-05-22 16:27:43,847 | INFO | World Bank OK 127/140: AR NY.GDP.MKTP.CD, rows=11
2026-05-22 16:27:44,845 | INFO | World Bank OK 128/140: AR NY.GDP.MKTP.KD.ZG, rows=11
2026-05-22 16:27:45,818 | INFO | World Bank OK 129/140: AR NY.GDP.PCAP.CD, rows=11
2026-05-22 16:27:46,713 | INFO | World Bank OK 130/140: AR SL.UEM.TOTL.ZS, rows=11
2026-05-22 16:27:48,327 | INFO | World Bank OK 131/140: SA BN.CAB.XOKA.GD.ZS, rows=11
2026-05-22 16:27:49,223 | INFO | World Bank OK 132/140: SA FI.RES.TOTL.CD, rows=11
2026-05-22 16:27:50,095 | INFO | World Bank OK 133/140: SA FP.CPI.TOTL.ZG, rows=11
2026-05-22 16:27:50,983 | INFO | World Bank OK 134/140: SA GC.DOD.TOTL.GD.ZS, rows=11
2026-05-22 16:27:52,001 | INFO | World Bank OK 135/140: SA NE.EXP.GNFS.CD, rows=11
2026-05-22 16:27:53,412 | INFO | World Bank OK 136/140: SA NE.IMP.GNFS.CD, rows=11
2026-05-22 16:27:55,637 | INFO | World Bank OK 137/140: SA NY.GDP.MKTP.CD, rows=11
2026-05-22 16:27:56,586 | INFO | World Bank OK 138/140: SA NY.GDP.MKTP.KD.ZG, rows=11
2026-05-22 16:27:57,469 | INFO | World Bank OK 139/140: SA NY.GDP.PCAP.CD, rows=11
2026-05-22 16:27:58,445 | INFO | World Bank OK 140/140: SA SL.UEM.TOTL.ZS, rows=11
